<?xml version="1.0" encoding="UTF-8"?>
<!-- Generated by org.testng.reporters.JUnitReportReporter -->
<testsuite hostname="DESKTOP-OIO4C93" failures="0" tests="1" name="DB.ExceptionHandling" time="0.005" errors="0" timestamp="2021-04-27T17:03:09 EDT" skipped="0">
  <testcase classname="DB.ExceptionHandling" name="demo" time="0.005"/>
  <system-out/>
</testsuite> <!-- DB.ExceptionHandling -->
