<?xml version="1.0" encoding="UTF-8"?>
<!-- Generated by org.testng.reporters.JUnitReportReporter -->
<testsuite hostname="DESKTOP-OIO4C93" failures="0" tests="1" name="oop.TestingClass" time="0.006" errors="0" timestamp="2021-05-18T20:40:53 EDT" skipped="0">
  <testcase classname="oop.TestingClass" name="test2" time="0.006"/>
  <system-out/>
</testsuite> <!-- oop.TestingClass -->
